<?xml version="1.0" encoding="UTF-8"?>
<!-- Generated by org.testng.reporters.JUnitReportReporter -->
<testsuite hostname="LAPTOP-E41G59HM" failures="0" tests="7" name="practice.testNG.dataproviderWithExcel" time="0.025" errors="0" timestamp="2026-09-10T15:35:58 IST" skipped="0">
  <testcase classname="practice.testNG.dataproviderWithExcel" name="dataproviderTest" time="0.002"/>
  <testcase classname="practice.testNG.dataproviderWithExcel" name="dataproviderTest" time="0.016"/>
  <testcase classname="practice.testNG.dataproviderWithExcel" name="dataproviderTest" time="0.001"/>
  <testcase classname="practice.testNG.dataproviderWithExcel" name="dataproviderTest" time="0.001"/>
  <testcase classname="practice.testNG.dataproviderWithExcel" name="dataproviderTest" time="0.002"/>
  <testcase classname="practice.testNG.dataproviderWithExcel" name="dataproviderTest" time="0.001"/>
  <testcase classname="practice.testNG.dataproviderWithExcel" name="dataproviderTest" time="0.002"/>
</testsuite> <!-- practice.testNG.dataproviderWithExcel -->
